[INFO  - 2016-12-14T19:43:22.712Z] GhostDriver - Main - running on port 37975
[INFO  - 2016-12-14T19:43:23.187Z] Session [92b59dd0-c235-11e6-80bf-c599894b86a0] - page.settings - {"XSSAuditingEnabled":false,"javascriptCanCloseWindows":true,"javascriptCanOpenWindows":true,"javascriptEnabled":true,"loadImages":true,"localToRemoteUrlAccessEnabled":false,"userAgent":"Mozilla/5.0 (Windows NT 6.2; WOW64) AppleWebKit/538.1 (KHTML, like Gecko) PhantomJS/2.1.1 Safari/538.1","webSecurityEnabled":true}
[INFO  - 2016-12-14T19:43:23.188Z] Session [92b59dd0-c235-11e6-80bf-c599894b86a0] - page.customHeaders:  - {}
[INFO  - 2016-12-14T19:43:23.191Z] Session [92b59dd0-c235-11e6-80bf-c599894b86a0] - Session.negotiatedCapabilities - {"browserName":"phantomjs","version":"2.1.1","driverName":"ghostdriver","driverVersion":"1.2.0","platform":"windows-10-32bit","javascriptEnabled":true,"takesScreenshot":true,"handlesAlerts":false,"databaseEnabled":false,"locationContextEnabled":false,"applicationCacheEnabled":false,"browserConnectionEnabled":false,"cssSelectorsEnabled":true,"webStorageEnabled":false,"rotatable":false,"acceptSslCerts":false,"nativeEvents":true,"proxy":{"proxyType":"direct"}}
[INFO  - 2016-12-14T19:43:23.191Z] SessionManagerReqHand - _postNewSessionCommand - New Session Created: 92b59dd0-c235-11e6-80bf-c599894b86a0
[INFO  - 2016-12-14T19:43:32.933Z] ShutdownReqHand - _handle - About to shutdown
[INFO  - 2016-12-14T19:48:22.159Z] GhostDriver - Main - running on port 15685
[INFO  - 2016-12-14T19:48:22.254Z] Session [44f72950-c236-11e6-9deb-35723a693f74] - page.settings - {"XSSAuditingEnabled":false,"javascriptCanCloseWindows":true,"javascriptCanOpenWindows":true,"javascriptEnabled":true,"loadImages":true,"localToRemoteUrlAccessEnabled":false,"userAgent":"Mozilla/5.0 (Windows NT 6.2; WOW64) AppleWebKit/538.1 (KHTML, like Gecko) PhantomJS/2.1.1 Safari/538.1","webSecurityEnabled":true}
[INFO  - 2016-12-14T19:48:22.254Z] Session [44f72950-c236-11e6-9deb-35723a693f74] - page.customHeaders:  - {}
[INFO  - 2016-12-14T19:48:22.254Z] Session [44f72950-c236-11e6-9deb-35723a693f74] - Session.negotiatedCapabilities - {"browserName":"phantomjs","version":"2.1.1","driverName":"ghostdriver","driverVersion":"1.2.0","platform":"windows-10-32bit","javascriptEnabled":true,"takesScreenshot":true,"handlesAlerts":false,"databaseEnabled":false,"locationContextEnabled":false,"applicationCacheEnabled":false,"browserConnectionEnabled":false,"cssSelectorsEnabled":true,"webStorageEnabled":false,"rotatable":false,"acceptSslCerts":false,"nativeEvents":true,"proxy":{"proxyType":"direct"}}
[INFO  - 2016-12-14T19:48:22.255Z] SessionManagerReqHand - _postNewSessionCommand - New Session Created: 44f72950-c236-11e6-9deb-35723a693f74
[INFO  - 2016-12-14T19:48:32.975Z] ShutdownReqHand - _handle - About to shutdown
[INFO  - 2016-12-14T19:48:52.471Z] GhostDriver - Main - running on port 40974
[INFO  - 2016-12-14T19:48:52.710Z] Session [571ed600-c236-11e6-9269-7d67792899e9] - page.settings - {"XSSAuditingEnabled":false,"javascriptCanCloseWindows":true,"javascriptCanOpenWindows":true,"javascriptEnabled":true,"loadImages":true,"localToRemoteUrlAccessEnabled":false,"userAgent":"Mozilla/5.0 (Windows NT 6.2; WOW64) AppleWebKit/538.1 (KHTML, like Gecko) PhantomJS/2.1.1 Safari/538.1","webSecurityEnabled":true}
[INFO  - 2016-12-14T19:48:52.710Z] Session [571ed600-c236-11e6-9269-7d67792899e9] - page.customHeaders:  - {}
[INFO  - 2016-12-14T19:48:52.710Z] Session [571ed600-c236-11e6-9269-7d67792899e9] - Session.negotiatedCapabilities - {"browserName":"phantomjs","version":"2.1.1","driverName":"ghostdriver","driverVersion":"1.2.0","platform":"windows-10-32bit","javascriptEnabled":true,"takesScreenshot":true,"handlesAlerts":false,"databaseEnabled":false,"locationContextEnabled":false,"applicationCacheEnabled":false,"browserConnectionEnabled":false,"cssSelectorsEnabled":true,"webStorageEnabled":false,"rotatable":false,"acceptSslCerts":false,"nativeEvents":true,"proxy":{"proxyType":"direct"}}
[INFO  - 2016-12-14T19:48:52.710Z] SessionManagerReqHand - _postNewSessionCommand - New Session Created: 571ed600-c236-11e6-9269-7d67792899e9
[INFO  - 2016-12-14T19:49:03.231Z] ShutdownReqHand - _handle - About to shutdown
[INFO  - 2016-12-14T19:50:02.682Z] GhostDriver - Main - running on port 7414
[INFO  - 2016-12-14T19:50:02.943Z] Session [80fb8a90-c236-11e6-a17c-55370e275c78] - page.settings - {"XSSAuditingEnabled":false,"javascriptCanCloseWindows":true,"javascriptCanOpenWindows":true,"javascriptEnabled":true,"loadImages":true,"localToRemoteUrlAccessEnabled":false,"userAgent":"Mozilla/5.0 (Windows NT 6.2; WOW64) AppleWebKit/538.1 (KHTML, like Gecko) PhantomJS/2.1.1 Safari/538.1","webSecurityEnabled":true}
[INFO  - 2016-12-14T19:50:02.943Z] Session [80fb8a90-c236-11e6-a17c-55370e275c78] - page.customHeaders:  - {}
[INFO  - 2016-12-14T19:50:02.943Z] Session [80fb8a90-c236-11e6-a17c-55370e275c78] - Session.negotiatedCapabilities - {"browserName":"phantomjs","version":"2.1.1","driverName":"ghostdriver","driverVersion":"1.2.0","platform":"windows-10-32bit","javascriptEnabled":true,"takesScreenshot":true,"handlesAlerts":false,"databaseEnabled":false,"locationContextEnabled":false,"applicationCacheEnabled":false,"browserConnectionEnabled":false,"cssSelectorsEnabled":true,"webStorageEnabled":false,"rotatable":false,"acceptSslCerts":false,"nativeEvents":true,"proxy":{"proxyType":"direct"}}
[INFO  - 2016-12-14T19:50:02.944Z] SessionManagerReqHand - _postNewSessionCommand - New Session Created: 80fb8a90-c236-11e6-a17c-55370e275c78
[INFO  - 2016-12-14T19:50:12.514Z] ShutdownReqHand - _handle - About to shutdown
[INFO  - 2016-12-14T19:51:19.252Z] GhostDriver - Main - running on port 7276
[INFO  - 2016-12-14T19:51:19.520Z] Session [aea01c90-c236-11e6-8bf9-0d675776f496] - page.settings - {"XSSAuditingEnabled":false,"javascriptCanCloseWindows":true,"javascriptCanOpenWindows":true,"javascriptEnabled":true,"loadImages":true,"localToRemoteUrlAccessEnabled":false,"userAgent":"Mozilla/5.0 (Windows NT 6.2; WOW64) AppleWebKit/538.1 (KHTML, like Gecko) PhantomJS/2.1.1 Safari/538.1","webSecurityEnabled":true}
[INFO  - 2016-12-14T19:51:19.520Z] Session [aea01c90-c236-11e6-8bf9-0d675776f496] - page.customHeaders:  - {}
[INFO  - 2016-12-14T19:51:19.520Z] Session [aea01c90-c236-11e6-8bf9-0d675776f496] - Session.negotiatedCapabilities - {"browserName":"phantomjs","version":"2.1.1","driverName":"ghostdriver","driverVersion":"1.2.0","platform":"windows-10-32bit","javascriptEnabled":true,"takesScreenshot":true,"handlesAlerts":false,"databaseEnabled":false,"locationContextEnabled":false,"applicationCacheEnabled":false,"browserConnectionEnabled":false,"cssSelectorsEnabled":true,"webStorageEnabled":false,"rotatable":false,"acceptSslCerts":false,"nativeEvents":true,"proxy":{"proxyType":"direct"}}
[INFO  - 2016-12-14T19:51:19.520Z] SessionManagerReqHand - _postNewSessionCommand - New Session Created: aea01c90-c236-11e6-8bf9-0d675776f496
[INFO  - 2016-12-14T19:51:29.522Z] ShutdownReqHand - _handle - About to shutdown
[INFO  - 2016-12-14T19:51:43.241Z] GhostDriver - Main - running on port 14034
[INFO  - 2016-12-14T19:51:43.382Z] Session [bcd95100-c236-11e6-9645-dd8f6b87d968] - page.settings - {"XSSAuditingEnabled":false,"javascriptCanCloseWindows":true,"javascriptCanOpenWindows":true,"javascriptEnabled":true,"loadImages":true,"localToRemoteUrlAccessEnabled":false,"userAgent":"Mozilla/5.0 (Windows NT 6.2; WOW64) AppleWebKit/538.1 (KHTML, like Gecko) PhantomJS/2.1.1 Safari/538.1","webSecurityEnabled":true}
[INFO  - 2016-12-14T19:51:43.383Z] Session [bcd95100-c236-11e6-9645-dd8f6b87d968] - page.customHeaders:  - {}
[INFO  - 2016-12-14T19:51:43.383Z] Session [bcd95100-c236-11e6-9645-dd8f6b87d968] - Session.negotiatedCapabilities - {"browserName":"phantomjs","version":"2.1.1","driverName":"ghostdriver","driverVersion":"1.2.0","platform":"windows-10-32bit","javascriptEnabled":true,"takesScreenshot":true,"handlesAlerts":false,"databaseEnabled":false,"locationContextEnabled":false,"applicationCacheEnabled":false,"browserConnectionEnabled":false,"cssSelectorsEnabled":true,"webStorageEnabled":false,"rotatable":false,"acceptSslCerts":false,"nativeEvents":true,"proxy":{"proxyType":"direct"}}
[INFO  - 2016-12-14T19:51:43.383Z] SessionManagerReqHand - _postNewSessionCommand - New Session Created: bcd95100-c236-11e6-9645-dd8f6b87d968
[INFO  - 2016-12-14T19:51:53.034Z] ShutdownReqHand - _handle - About to shutdown
[INFO  - 2016-12-14T19:52:55.253Z] GhostDriver - Main - running on port 41972
[INFO  - 2016-12-14T19:52:55.507Z] Session [e7d690c0-c236-11e6-9303-736497e00ab7] - page.settings - {"XSSAuditingEnabled":false,"javascriptCanCloseWindows":true,"javascriptCanOpenWindows":true,"javascriptEnabled":true,"loadImages":true,"localToRemoteUrlAccessEnabled":false,"userAgent":"Mozilla/5.0 (Windows NT 6.2; WOW64) AppleWebKit/538.1 (KHTML, like Gecko) PhantomJS/2.1.1 Safari/538.1","webSecurityEnabled":true}
[INFO  - 2016-12-14T19:52:55.507Z] Session [e7d690c0-c236-11e6-9303-736497e00ab7] - page.customHeaders:  - {}
[INFO  - 2016-12-14T19:52:55.507Z] Session [e7d690c0-c236-11e6-9303-736497e00ab7] - Session.negotiatedCapabilities - {"browserName":"phantomjs","version":"2.1.1","driverName":"ghostdriver","driverVersion":"1.2.0","platform":"windows-10-32bit","javascriptEnabled":true,"takesScreenshot":true,"handlesAlerts":false,"databaseEnabled":false,"locationContextEnabled":false,"applicationCacheEnabled":false,"browserConnectionEnabled":false,"cssSelectorsEnabled":true,"webStorageEnabled":false,"rotatable":false,"acceptSslCerts":false,"nativeEvents":true,"proxy":{"proxyType":"direct"}}
[INFO  - 2016-12-14T19:52:55.507Z] SessionManagerReqHand - _postNewSessionCommand - New Session Created: e7d690c0-c236-11e6-9303-736497e00ab7
[INFO  - 2016-12-14T19:53:05.025Z] ShutdownReqHand - _handle - About to shutdown
[INFO  - 2016-12-14T19:57:12.273Z] GhostDriver - Main - running on port 5742
[INFO  - 2016-12-14T19:57:12.411Z] Session [80f74f60-c237-11e6-9a7a-432f8c36f4da] - page.settings - {"XSSAuditingEnabled":false,"javascriptCanCloseWindows":true,"javascriptCanOpenWindows":true,"javascriptEnabled":true,"loadImages":true,"localToRemoteUrlAccessEnabled":false,"userAgent":"Mozilla/5.0 (Windows NT 6.2; WOW64) AppleWebKit/538.1 (KHTML, like Gecko) PhantomJS/2.1.1 Safari/538.1","webSecurityEnabled":true}
[INFO  - 2016-12-14T19:57:12.412Z] Session [80f74f60-c237-11e6-9a7a-432f8c36f4da] - page.customHeaders:  - {}
[INFO  - 2016-12-14T19:57:12.412Z] Session [80f74f60-c237-11e6-9a7a-432f8c36f4da] - Session.negotiatedCapabilities - {"browserName":"phantomjs","version":"2.1.1","driverName":"ghostdriver","driverVersion":"1.2.0","platform":"windows-10-32bit","javascriptEnabled":true,"takesScreenshot":true,"handlesAlerts":false,"databaseEnabled":false,"locationContextEnabled":false,"applicationCacheEnabled":false,"browserConnectionEnabled":false,"cssSelectorsEnabled":true,"webStorageEnabled":false,"rotatable":false,"acceptSslCerts":false,"nativeEvents":true,"proxy":{"proxyType":"direct"}}
[INFO  - 2016-12-14T19:57:12.412Z] SessionManagerReqHand - _postNewSessionCommand - New Session Created: 80f74f60-c237-11e6-9a7a-432f8c36f4da
[INFO  - 2016-12-14T19:57:22.166Z] ShutdownReqHand - _handle - About to shutdown
